<?xml version="1.0" encoding="UTF-8"?>
<testng-results skipped="0" failed="0" total="1" passed="1">
  <reporter-output>
  </reporter-output>
  <suite name="Suite" duration-ms="3056" started-at="2017-04-06T07:33:26Z" finished-at="2017-04-06T07:33:29Z">
    <groups>
    </groups>
    <test name="Test" duration-ms="3056" started-at="2017-04-06T07:33:26Z" finished-at="2017-04-06T07:33:29Z">
      <class name="com.jen.JenkinsTest">
        <test-method status="PASS" signature="first()[pri:0, instance:com.jen.JenkinsTest@59fa1d9b]" name="first" duration-ms="3039" started-at="2017-04-06T13:03:26Z" finished-at="2017-04-06T13:03:29Z">
          <reporter-output>
          </reporter-output>
        </test-method> <!-- first -->
      </class> <!-- com.jen.JenkinsTest -->
    </test> <!-- Test -->
  </suite> <!-- Suite -->
</testng-results>
